Scenario #1:
-999993032
-999993032
-999993032
-992412529
-999993032
-999993032
-996248869
-997333970
-999993032
-997333970
-999993032
-988300395
-998576003
-996323759
-970619158
-988300395
-999993032
-998576003
-999993032
-999993032
-969383696
-999993032
-999993032
-996248869
-996323759
-999993032
-996323759
-999993032
-997333970
-992724198
-996323759
-686831135
-998576003
-999993032
-707495614
-998576003
-988300395
-977987889
-988300395
-999993032
-993940040
-999993032
-993429688
-941053794
-999993032
-992724198
-996323759
-996323759
-999993032
-996323759
-944069842
-999993032
-996248869
-997333970
-999993032
-977987889
-992724198
-996248869
-998576003
-999993032
-977987889
-998576003
-996248869
-602265110
-999993032
-941805224
-999993032
-993429688
-999993032
-999993032
-996248869
-999993032
-993429688
-928283496
-348810475
-988300395
-999993032
-989548764
-944069842
-999993032
-999993032
-999993032
-999993032
-999993032
-748431549
-996248869
-999993032
-997333970
-997333970
-992724198
-999993032
-701882446
-997333970
-999993032
-999993032
-996248869
-999993032
-999993032
-998576003
-999993032
-998576003
-969987842
-995672704
-998576003
-996323759
-989548764
-996248869
-999993032
-907920890
-999993032
-996248869
-969987842
-993429688
-988300395
-988300395
-992724198
-999993032
-999993032
-998576003
-999993032
-996323759
-977987889
-998576003
-995672704
-999993032
-999993032
-999993032
-988300395
-988300395
-998576003
-998576003
-993429688
-996248869
-993715915
-995672704
-988300395
-999993032
-988300395
-999993032
-999993032
-998576003
-999993032
-999993032
-996323759
-999993032
-999993032
-999993032
-988300395
-998576003
-996248869
-883952687
-996323759
-996248869
-614075327
-996248869
-977987889
-999993032
-852135849
-988300395
-999993032
-996248869
-992724198
-992724198
-999993032
-999993032
-999993032
-999993032
-999993032
-993429688
-997333970
-999993032
-996248869
-973662685
-944069842
-928283496
-992724198
-988300395
-999993032
-992724198
-928283496
-999993032
-995672704
-996323759
-928283496
-996248869
-999993032
-992724198
-973662685
-988300395
-941053794
-999993032
-995672704
-995672704
-996248869
-707495614
-988300395
-998576003
-944069842
-993429688
-966105072
280461788
-977987889
-998576003
-748431549
-999993032
-999993032
-994213203
-873651414
-996248869
-999993032
-992724198
-999993032
-999993032
-999993032
-999993032
-996248869
-988300395
-999993032
-963126208
-996248869
-988300395
-992724198
-996248869
-996248869
-992724198
-996323759
-748431549
-999993032
-999993032
-999993032
-992724198
-970619158
-999993032
-999993032
-900179486
-999993032
-996248869
-999993032
-998576003
-988300395
-999993032
-994213203
-996248869
-939512054
-963126208
-999993032
-999993032
-998576003
-999993032
-999993032
-992724198
-999993032
-988300395
-992724198
-847524693
-992724198
-995672704
-861138569
-993429688
-944069842
-999993032
-996248869
-686615018
-999993032
-941053794
-996248869
-999993032
-999993032
-999993032
-999993032
-565081409
-999993032
-852135849
-993429688
-969987842
-999993032
-992724198
-660369225
-995672704
-998576003
-998576003
-988300395
-973662685
-999993032
-406897594
-999993032
-997333970
-861138569
-993715915
-996248869
-992724198
-996323759
-988300395
-999993032
-748431549
-992724198
-999993032
-996248869
-999993032
-928283496
-973662685
-996323759
-992724198
-999993032
-996248869
-999993032
-999993032
-730309499
-999993032
-998576003
-988300395
-969987842
-999993032
-686615018
-999993032
-997333970
-996248869
-999993032
-992724198
-873615579
-996323759
-999993032
-996323759
-992724198
-941053794
-748431549
-996323759
-989548764
-944069842
-996323759
-999993032
-918672465
-997333970
-998576003
-999993032
-988300395
-989548764
-995672704
-997333970
-998576003
-996248869
-999993032
-996323759
-996323759
-993429688
-999993032
-920011697
-999993032
-995672704
-993429688
-996323759
-999993032
-957817799
-999993032
-998576003
-999993032
-999993032
-995672704
-995672704
-997333970
-999993032
-999993032
-999993032
-996323759
-999993032
-915725877
-999993032
-998576003
-748431549
-844478459
-689363106
-999993032
-999993032
-989548764
-992724198
-998576003
-928283496
-996323759
-999993032
-967740301
-999993032
-999993032
-999993032
-999993032
-995672704
-996323759
-996248869
-999993032
-994213203
-998576003
-999993032
-999993032
-999993032
-999993032
-995672704
-996248869
-999993032
-907920890
-992724198
-995672704
-999993032
-999993032
-999993032
-996248869
-989548764
-998576003
-993429688
-999993032
-996248869
-999993032
-999993032
-449730975
-999993032
-996248869
-999993032
-998576003
-999993032
-707495614
-941805224
-996323759
-999993032
-999993032
-977987889
-969987842
-995672704
-999993032
-993429688
-999993032
-999993032
-995672704
-999993032
-995672704
-998576003
-999993032
-996248869
-998576003
-994213203
-997333970
-998576003
-996248869
-999993032
-994213203
-993429688
-998576003
-960239987
-999993032
-996323759
-999993032
-970619158
-999993032
-996323759
-997333970
-995672704
-998576003
-996248869
-996248869
-999993032
-922060482
-999993032
-999993032
-989548764
-988300395
-988300395
-999993032
-998576003
-992724198
-948493954
-999993032
-852135849
-996248869
-996323759
-995672704
-996323759
-988300395
-996323759
-999993032
-996248869
-998576003
-999993032
-734404436
-999993032
-999993032
-918672465
-992724198
-999993032
-969383696
-969987842
-999993032
-996323759
-999993032
-995672704
-988300395
-941805224
-852135849
-999993032
-996248869
-992724198
-996248869
-996248869
-999993032
-944069842
-858990174
-997333970
-992724198
-852135849
-999993032
-996248869
-916608030
-999993032
-993429688
-999993032
-999993032
-996248869
-995672704
-992724198
-997333970
-999993032
-999993032
-996248869
-997333970
-996248869
-999993032
-996248869
-995672704
-999993032
-928283496
-999993032
-999993032
-999993032
-999993032
-999993032
-748431549
-916608030
-999993032
-999993032
-748431549
-748431549
-996248869
-999993032
-993429688
-996248869
-997333970
-992724198
-999993032
-996248869
-996248869
-963869320
-614075327
-993429688
-999993032
-996323759
-999993032
-748431549
-999993032
-992724198
-998576003
-701882446
-701882446
-996248869
-997333970
-999993032
-999993032
-999993032
-999993032
-995672704
-999993032
-996323759
-999993032
-999993032
-999993032
-993429688
-988300395
-999993032
-595723328
-996248869
-941053794
-998576003
-997333970
-999993032
-869624683
-997333970
-996248869
-999993032
-999993032
-992724198
-969987842
-996323759
-999993032
-998576003
-957544153
-998576003
-999993032
-998576003
-996323759
-973662685
-992724198
-996248869
-997333970
-996323759
-999993032
-982115428
-996248869
-998576003
-992724198
-996248869
-992724198
-999993032
-999993032
-999993032
-996248869
-999993032
-996248869
-970619158
-996248869
-999993032
-988300395
-999993032
-999993032
-999993032
-748431549
-999993032
-999993032
-999993032
-998576003
-992724198
-998576003
-992724198
-995672704
-998576003
-999993032
-994213203
-852135849
-998576003
-969987842
-992724198
-989548764
-999993032
-992724198
-999993032
-999993032
-998576003
-999993032
-996323759
-920011697
-999993032
-995672704
-977987889
-988300395
-996248869
-993715915
-999993032
-999993032
-988300395
-999993032
-999993032
-999993032
-998576003
-992724198
-996248869
-998576003
-998576003
-996323759
-996248869
-992412529
-988300395
-999993032
-992724198
-748431549
-996323759
-999993032
-340461126
-982115428
-999993032
-999993032
-993429688
-988300395
-998576003
-996323759
-988300395
-998576003
-999993032
-996248869
-988300395
-996248869
-999993032
-844478459
-988300395
-996323759
-988300395
-996248869
-999993032
-996323759
-992724198
-907920890
-996323759
-998576003
-999993032
-996323759
-997333970
-999993032
-975477622
-999993032
-998576003
-999993032
-998576003
-997333970
-999993032
-996248869
-998576003
-999993032
-999993032
-997333970
-999993032
-999993032
-998576003
-996248869
-996248869
-996248869
-928283496
-999993032
-999993032
-999993032
-999993032
-996248869
-988300395
-973662685
-999993032
-999993032
-992724198
-992724198
-999993032
-999993032
-999993032
-969987842
-999993032
-993715915
-998576003
-998576003
-999993032
-873615579
-992724198
-999993032
-999993032
-996248869
-999993032
-998576003
-812175606
-999993032
-999993032
-927516409
-997333970
-999993032
-999993032
-993429688
-988300395
-999993032
-997333970
-995672704
-998576003
-999993032
-999993032
-996248869
-992724198
-971116498
-999993032
-992724198
-999993032
-998576003
-999993032
-999993032
-999993032
-996323759
-999993032
-943565364
-999993032
-963869320
-999993032
-999993032
-996248869
-999993032
-999993032
-996248869
-996323759
-988300395
-998576003
-992724198
-997333970
-973662685
-999993032
-999993032
-992724198
-999993032
-992724198
-999993032
-999993032
-999993032
-992724198
-996323759
-999993032
-902045859
-996323759
-995672704
-928283496
-999993032
-918672465
-963869320
-998576003
-996323759
-999993032
-996248869
-999993032
-996248869
-995672704
-996248869
-988300395
-997333970
-980813346
-999993032
-999993032
-999993032
-998576003
-969987842
-844478459
-988300395
-999993032
-997333970
-999993032
-999993032
-998576003
-998576003
-748431549
-999993032
-999993032
-176354595
-996248869
-999993032
-995672704
-995672704
-998576003
-999993032
-996248869
-996248869
-995672704
-973662685
-996323759
-873651414
-996248869
-999993032
-852135849
-999993032
-996323759
-998576003
-999993032
-999993032
-993429688
-992724198
-996248869
-992724198
-999993032
-988300395
-919366337
-997333970
-998576003
-969987842
-996248869
-988300395
-996248869
-988300395
-996323759
-996248869
-999993032
-992724198
-999993032
-963126208
-963869320
-996248869
-988300395
-999993032
-988300395
-996248869
-999993032
-660369225
-996248869
-999993032
-998576003
-988300395
-969987842
-996248869
-999993032
-996248869
-999993032
-992724198
-993429688
-975477622
-996323759
-999993032
-992724198
-999993032
-999993032
-988300395
-999993032
-988300395
-997333970
-999993032
-996248869
-988300395
-999993032
-995672704
-999993032
-973662685
-969987842
-988300395
-999993032
-992724198
-996323759
-999993032
-999993032
-873651414
-998576003
-999993032
-999993032
-993429688
-997333970
-999993032
-980813346
-999993032
-998576003
-730309499
-995672704
-998576003
-998576003
-988300395
-999993032
-997333970
-966105072
-999993032
-999993032
-995672704
-996323759
-999993032
-999993032
-999993032
-996248869
-999993032
-999993032
-999993032
-999993032
-999993032
-999993032
-999993032
-998576003
-988300395
-996248869
-999993032
-941053794
-999993032
-996323759
-995672704
-992724198
-999993032
-999993032
-999993032
-999993032
-982115428
-969987842
-988300395
-988300395
-999993032
-988300395
-999993032
-928283496
-998576003
-999993032
-999993032
-999993032
-999993032
-999993032
-999993032
-999993032
-999993032
-996323759
-998576003
-999993032
-998576003
-999993032
-996323759
-999993032
-992724198
-996248869
-748431549
-999993032
166607501
-999993032
-996323759
-992724198
-748431549
-988300395
-993429688
-996248869
-928283496
