Instancia 1
9880

Instancia 2
8645

Instancia 3
99557

Instancia 4
385520

Instancia 5
393604

Instancia 6
119073

Instancia 7
169760

Instancia 8
604425

Instancia 9
185477

Instancia 10
579772

Instancia 11
103210

Instancia 12
139305

Instancia 13
149901

Instancia 14
132902

Instancia 15
196727

Instancia 16
144297

Instancia 17
46027

Instancia 18
128149

Instancia 19
187039

Instancia 20
70960

Instancia 21
95852

Instancia 22
33153

Instancia 23
184429

Instancia 24
598063

Instancia 25
60084

Instancia 26
356783

Instancia 27
11447

Instancia 28
7410

Instancia 29
125580

Instancia 30
82594

Instancia 31
320221

Instancia 32
82075

Instancia 33
110672

Instancia 34
240766

Instancia 35
54952

Instancia 36
215579

Instancia 37
137790

Instancia 38
466173

Instancia 39
500214

Instancia 40
306968

Instancia 41
35244

Instancia 42
27310

Instancia 43
109432

Instancia 44
533881

Instancia 45
205709

Instancia 46
258477

Instancia 47
316142

Instancia 48
374757

Instancia 49
97087

Instancia 50
164664

Instancia 51
76331

Instancia 52
341688

Instancia 53
222610

Instancia 54
114377

Instancia 55
3705

Instancia 56
22230

Instancia 57
142154

Instancia 58
39660

Instancia 59
201911

Instancia 60
17290

Instancia 61
137172

Instancia 62
12158

Instancia 63
6175

Instancia 64
148194

Instancia 65
139596

Instancia 66
54101

Instancia 67
249785

Instancia 68
279705

Instancia 69
188897

Instancia 70
213633

Instancia 71
569228

Instancia 72
83118

Instancia 73
271397

Instancia 74
416540

Instancia 75
178830

Instancia 76
511661

Instancia 77
440804

Instancia 78
103070

Instancia 79
175032

Instancia 80
130432

Instancia 81
306833

Instancia 82
2470

Instancia 83
220389

Instancia 84
180444

Instancia 85
80747

Instancia 86
512293

Instancia 87
314036

Instancia 88
123255

Instancia 89
180921

Instancia 90
496691

Instancia 91
0

Instancia 92
310865

Instancia 93
518360

Instancia 94
214069

Instancia 95
8645

Instancia 96
163289

Instancia 97
48637

Instancia 98
176692

Instancia 99
37714

Instancia 100
633634

Instancia 101
34009

Instancia 102
153793

Instancia 103
138636

Instancia 104
106775

Instancia 105
257766

Instancia 106
258715

Instancia 107
31207

Instancia 108
272824

Instancia 109
282180

Instancia 110
180828

Instancia 111
499877

Instancia 112
39281

Instancia 113
528712

Instancia 114
184569

Instancia 115
1235

Instancia 116
340692

Instancia 117
296761

Instancia 118
455619

Instancia 119
215449

Instancia 120
266649

Instancia 121
533194

Instancia 122
211983

Instancia 123
172556

Instancia 124
4940

Instancia 125
26931

Instancia 126
337941

Instancia 127
149953

Instancia 128
439092

Instancia 129
38949

Instancia 130
615535

Instancia 131
212979

Instancia 132
152179

Instancia 133
49161

Instancia 134
437820

Instancia 135
68345

Instancia 136
389427

Instancia 137
274822

Instancia 138
315940

Instancia 139
12350

Instancia 140
337796

Instancia 141
9880

Instancia 142
115036

Instancia 143
148521

Instancia 144
107247

Instancia 145
113713

Instancia 146
241467

Instancia 147
21659

Instancia 148
572844

Instancia 149
75807

Instancia 150
120360

Instancia 151
33677

Instancia 152
114284

Instancia 153
292392

Instancia 154
111715

Instancia 155
59944

Instancia 156
183485

Instancia 157
149180

Instancia 158
273675

Instancia 159
380590

Instancia 160
10923

Instancia 161
110719

Instancia 162
59041

Instancia 163
19760

Instancia 164
308577

Instancia 165
206903

Instancia 166
51631

Instancia 167
530097

Instancia 168
153845

Instancia 169
579398

Instancia 170
25364

Instancia 171
120453

Instancia 172
40895

Instancia 173
90336

Instancia 174
23605

Instancia 175
202762

Instancia 176
367042

Instancia 177
70488

Instancia 178
589839

Instancia 179
352232

Instancia 180
83502

Instancia 181
171991

Instancia 182
360021

Instancia 183
259795

Instancia 184
73954

Instancia 185
10212

Instancia 186
143493

Instancia 187
361214

Instancia 188
188274

Instancia 189
230793

Instancia 190
163766

Instancia 191
55144

Instancia 192
217255

Instancia 193
167669

Instancia 194
2470

Instancia 195
62030

Instancia 196
167669

Instancia 197
303128

Instancia 198
174362

Instancia 199
331055

Instancia 200
4940

Instancia 201
151655

Instancia 202
589231

Instancia 203
398399

Instancia 204
127194

Instancia 205
32582

Instancia 206
190703

Instancia 207
90383

Instancia 208
43505

Instancia 209
116935

Instancia 210
304176

Instancia 211
173989

Instancia 212
357686

Instancia 213
352746

Instancia 214
243226

Instancia 215
63929

Instancia 216
52150

Instancia 217
21846

Instancia 218
162682

Instancia 219
78033

Instancia 220
9880

Instancia 221
15152

Instancia 222
188046

Instancia 223
158598

Instancia 224
45124

Instancia 225
113422

Instancia 226
141635

Instancia 227
155173

Instancia 228
368619

Instancia 229
163953

Instancia 230
22562

Instancia 231
220721

Instancia 232
370041

Instancia 233
345912

Instancia 234
183106

Instancia 235
90149

Instancia 236
203763

Instancia 237
351236

Instancia 238
249359

Instancia 239
168997

Instancia 240
52202

Instancia 241
442713

Instancia 242
252208

Instancia 243
171700

Instancia 244
269109

Instancia 245
449968

Instancia 246
149709

Instancia 247
304493

Instancia 248
54672

Instancia 249
239671

Instancia 250
479650

Instancia 251
2470

Instancia 252
58657

Instancia 253
261232

Instancia 254
25364

Instancia 255
163206

Instancia 256
426331

Instancia 257
419300

Instancia 258
194029

Instancia 259
338315

Instancia 260
115700

Instancia 261
18525

Instancia 262
274002

Instancia 263
161338

Instancia 264
334802

Instancia 265
47023

Instancia 266
113282

Instancia 267
159734

Instancia 268
532609

Instancia 269
27502

Instancia 270
443045

Instancia 271
135984

Instancia 272
3705

Instancia 273
100792

Instancia 274
414018

Instancia 275
432014

Instancia 276
146819

Instancia 277
355605

Instancia 278
344298

Instancia 279
31347

Instancia 280
486555

Instancia 281
187807

Instancia 282
278190

Instancia 283
53006

Instancia 284
226325

Instancia 285
394699

Instancia 286
62175

Instancia 287
342020

Instancia 288
43557

Instancia 289
30304

Instancia 290
51247

Instancia 291
356119

Instancia 292
150285

Instancia 293
116603

Instancia 294
95328

Instancia 295
172603

Instancia 296
252058

Instancia 297
55004

Instancia 298
305630

Instancia 299
231971

Instancia 300
129617

